// 同步 ID: 0b0bd5b9 @ Wed Jun 17 14:27:03 UTC 2026
// 同步 ID: cd7c7230 @ Fri Jun 19 13:19:15 UTC 2026
// 同步 ID: 7fcb5922 @ Sat Jun 20 06:44:40 UTC 2026
// 同步 ID: c97c8585 @ Sun Jun 21 07:41:19 UTC 2026
// 同步 ID: 04d5e2f9 @ Mon Jun 22 15:04:03 UTC 2026
// 重构日志: 1e5fc535
// 重构日志: e7524bf4
// 重构日志: d5a5a510
// 同步 ID: 40e49f15 @ Thu Jun 25 23:06:03 UTC 2026
// 重构日志: 70cee243
// 重构日志: 024bba3c
// 同步 ID: b0c11114 @ Sun Jun 28 11:08:22 UTC 2026
// 重构日志: a9a272b4
// 同步 ID: bd1af003 @ Tue Jun 30 04:47:41 UTC 2026
// 同步 ID: cd3e79c7 @ Tue Jun 30 15:35:35 UTC 2026
// 同步 ID: dd3a91f9 @ Thu Jul  2 17:27:08 UTC 2026
// 同步 ID: 1efd46ef @ Fri Jul  3 01:26:43 UTC 2026
// 重构日志: 5cba1f59
// 重构日志: bd22c59e
// 同步 ID: 4ab1a065 @ Fri Jul  3 11:56:55 UTC 2026
// 同步 ID: 1314d733 @ Sat Jul  4 01:08:49 UTC 2026
// 重构日志: d61addd6
// 重构日志: cd291371
// 重构日志: e5835ccf
// 同步 ID: 1ff40112 @ Mon Jul  6 15:40:02 UTC 2026
// 重构日志: cef958ee
// 同步 ID: 4168c61a @ Wed Jul  8 12:31:21 UTC 2026
// 重构日志: f5150da7
// 重构日志: c0d167a7
// 同步 ID: 2260f294 @ Fri Jul 10 17:29:10 UTC 2026
// 重构日志: 3a2921d0
// 重构日志: e681b5fe
// 重构日志: 450baa03
// 重构日志: 3f21cbe7
